<?xml version="1.0" encoding="UTF-8"?>
<!-- Generated by org.testng.reporters.JUnitReportReporter -->
<testsuite hostname="DESKTOP-93RQOLS" failures="0" tests="1" name="com.comcast.crm.contactTest.EditContactTest" time="0.023" errors="0" timestamp="2024-10-09T15:50:04 IST" skipped="0">
  <testcase classname="com.comcast.crm.contactTest.EditContactTest" name="editContactPhoneNumberTest" time="0.023"/>
  <system-out/>
</testsuite> <!-- com.comcast.crm.contactTest.EditContactTest -->
